2022.12.05 11:39:29 INFO  tracing is disabled for protocol LSP, to enable tracing of incoming and outgoing JSON messages create an empty file at /workspaces/advent-of-code-2022/.metals/lsp.trace.json or /home/codespace/.cache/metals/lsp.trace.json
2022.12.05 11:39:30 INFO  logging to file /workspaces/advent-of-code-2022/.metals/metals.log
2022.12.05 11:39:30 INFO  Started: Metals version 0.11.9 in workspace '/workspaces/advent-of-code-2022' for client Visual Studio Code 1.73.1.
2022.12.05 11:39:33 INFO  time: initialize in 2.98s
2022.12.05 11:39:36 WARN  Build server is not auto-connectable.
2022.12.05 11:39:36 WARN  no build tool detected in workspace '/workspaces/advent-of-code-2022'. The most common cause for this problem is that the editor was opened in the wrong working directory, for example if you use sbt then the workspace directory should contain build.sbt. 
2022.12.05 11:39:36 WARN  no build target for: /workspaces/advent-of-code-2022/day5.scala
2022.12.05 11:40:04 INFO  no build target found for /workspaces/advent-of-code-2022/day5.scala. Using presentation compiler with project's scala-library version: 3.2.0
2022.12.05 12:15:37 INFO  tracing is disabled for protocol LSP, to enable tracing of incoming and outgoing JSON messages create an empty file at /workspaces/advent-of-code-2022/.metals/lsp.trace.json or /home/codespace/.cache/metals/lsp.trace.json
2022.12.05 12:15:39 INFO  logging to file /workspaces/advent-of-code-2022/.metals/metals.log
2022.12.05 12:15:39 INFO  Started: Metals version 0.11.9 in workspace '/workspaces/advent-of-code-2022' for client Visual Studio Code 1.73.1.
2022.12.05 12:15:44 INFO  time: initialize in 5.15s
2022.12.05 12:15:47 WARN  Build server is not auto-connectable.
2022.12.05 12:15:47 WARN  no build tool detected in workspace '/workspaces/advent-of-code-2022'. The most common cause for this problem is that the editor was opened in the wrong working directory, for example if you use sbt then the workspace directory should contain build.sbt. 
2022.12.05 12:15:47 WARN  no build target for: /workspaces/advent-of-code-2022/day5.scala
2022.12.05 12:16:06 INFO  no build target found for /workspaces/advent-of-code-2022/day5.scala. Using presentation compiler with project's scala-library version: 3.2.0
2022.12.05 12:16:10 INFO  time: code lens generation in 2.57s
2022.12.05 12:16:10 INFO  time: code lens generation in 7.74s
2022.12.05 12:16:10 INFO  time: code lens generation in 22s
2022.12.05 12:16:16 WARN  no build target for: /workspaces/advent-of-code-2022/day5.scala
2022.12.05 12:16:24 WARN  no build target for: /workspaces/advent-of-code-2022/day5.scala
2022.12.05 12:16:28 WARN  no build target for: /workspaces/advent-of-code-2022/day5.scala
Dec 05, 2022 12:16:29 PM org.eclipse.lsp4j.jsonrpc.RemoteEndpoint handleCancellation
WARNING: Unmatched cancel notification for request id 50
2022.12.05 12:16:30 WARN  no build target for: /workspaces/advent-of-code-2022/day5.scala
Dec 05, 2022 12:16:33 PM org.eclipse.lsp4j.jsonrpc.RemoteEndpoint handleCancellation
WARNING: Unmatched cancel notification for request id 61
2022.12.05 12:16:36 WARN  no build target for: /workspaces/advent-of-code-2022/day5.scala
2022.12.05 12:16:38 WARN  no build target for: /workspaces/advent-of-code-2022/day5.scala
Dec 05, 2022 12:16:39 PM scala.meta.internal.pc.CompilerAccess handleError
SEVERE: NoDenotation.owner
java.lang.AssertionError: NoDenotation.owner
	at dotty.tools.dotc.core.SymDenotations$NoDenotation$.owner(SymDenotations.scala:2499)
	at scala.meta.internal.pc.PcDocumentHighlightProvider$.isForComprehensionOwner$1(PcDocumentHighlightProvider.scala:163)
	at scala.meta.internal.pc.PcDocumentHighlightProvider$.collectNames$1(PcDocumentHighlightProvider.scala:178)
	at scala.meta.internal.pc.PcDocumentHighlightProvider$.$anonfun$4(PcDocumentHighlightProvider.scala:275)
	at dotty.tools.dotc.ast.Trees$Instance$DeepFolder.apply(Trees.scala:1669)
	at dotty.tools.dotc.ast.Trees$Instance$TreeAccumulator.fold$1(Trees.scala:1535)
	at dotty.tools.dotc.ast.Trees$Instance$TreeAccumulator.apply(Trees.scala:1537)
	at dotty.tools.dotc.ast.Trees$Instance$TreeAccumulator.foldOver(Trees.scala:1554)
	at dotty.tools.dotc.ast.Trees$Instance$DeepFolder.apply(Trees.scala:1669)
	at dotty.tools.dotc.ast.Trees$Instance$TreeAccumulator.foldOver(Trees.scala:1568)
	at dotty.tools.dotc.ast.Trees$Instance$DeepFolder.apply(Trees.scala:1669)
	at dotty.tools.dotc.ast.Trees$Instance$TreeAccumulator.foldOver(Trees.scala:1623)
	at dotty.tools.dotc.ast.Trees$Instance$DeepFolder.apply(Trees.scala:1669)
	at dotty.tools.dotc.ast.Trees$Instance$TreeAccumulator.fold$1(Trees.scala:1535)
	at dotty.tools.dotc.ast.Trees$Instance$TreeAccumulator.apply(Trees.scala:1537)
	at dotty.tools.dotc.ast.Trees$Instance$TreeAccumulator.foldOver(Trees.scala:1630)
	at dotty.tools.dotc.ast.Trees$Instance$DeepFolder.apply(Trees.scala:1669)
	at dotty.tools.dotc.ast.Trees$Instance$TreeAccumulator.foldOver(Trees.scala:1627)
	at dotty.tools.dotc.ast.Trees$Instance$DeepFolder.apply(Trees.scala:1669)
	at dotty.tools.dotc.ast.Trees$Instance$TreeAccumulator.fold$1(Trees.scala:1535)
	at dotty.tools.dotc.ast.Trees$Instance$TreeAccumulator.apply(Trees.scala:1537)
	at dotty.tools.dotc.ast.Trees$Instance$TreeAccumulator.foldOver(Trees.scala:1636)
	at dotty.tools.dotc.ast.Trees$Instance$TreeAccumulator.foldOver(Trees.scala:1541)
	at dotty.tools.dotc.ast.Trees$Instance$DeepFolder.apply(Trees.scala:1669)
	at scala.meta.internal.pc.PcDocumentHighlightProvider$.highlights(PcDocumentHighlightProvider.scala:276)

2022.12.05 12:16:41 WARN  no build target for: /workspaces/advent-of-code-2022/day5.scala
2022.12.05 12:17:02 WARN  no build target for: /workspaces/advent-of-code-2022/day5.scala
Dec 05, 2022 12:17:09 PM scala.meta.internal.pc.CompilerAccess handleError
SEVERE: NoDenotation.owner
java.lang.AssertionError: NoDenotation.owner
	at dotty.tools.dotc.core.SymDenotations$NoDenotation$.owner(SymDenotations.scala:2499)
	at scala.meta.internal.pc.PcDocumentHighlightProvider$.isForComprehensionOwner$1(PcDocumentHighlightProvider.scala:163)
	at scala.meta.internal.pc.PcDocumentHighlightProvider$.collectNames$1(PcDocumentHighlightProvider.scala:178)
	at scala.meta.internal.pc.PcDocumentHighlightProvider$.$anonfun$4(PcDocumentHighlightProvider.scala:275)
	at dotty.tools.dotc.ast.Trees$Instance$DeepFolder.apply(Trees.scala:1669)
	at dotty.tools.dotc.ast.Trees$Instance$TreeAccumulator.fold$1(Trees.scala:1535)
	at dotty.tools.dotc.ast.Trees$Instance$TreeAccumulator.apply(Trees.scala:1537)
	at dotty.tools.dotc.ast.Trees$Instance$TreeAccumulator.foldOver(Trees.scala:1554)
	at dotty.tools.dotc.ast.Trees$Instance$DeepFolder.apply(Trees.scala:1669)
	at dotty.tools.dotc.ast.Trees$Instance$TreeAccumulator.foldOver(Trees.scala:1568)
	at dotty.tools.dotc.ast.Trees$Instance$DeepFolder.apply(Trees.scala:1669)
	at dotty.tools.dotc.ast.Trees$Instance$TreeAccumulator.foldOver(Trees.scala:1623)
	at dotty.tools.dotc.ast.Trees$Instance$DeepFolder.apply(Trees.scala:1669)
	at dotty.tools.dotc.ast.Trees$Instance$TreeAccumulator.fold$1(Trees.scala:1535)
	at dotty.tools.dotc.ast.Trees$Instance$TreeAccumulator.apply(Trees.scala:1537)
	at dotty.tools.dotc.ast.Trees$Instance$TreeAccumulator.foldOver(Trees.scala:1630)
	at dotty.tools.dotc.ast.Trees$Instance$DeepFolder.apply(Trees.scala:1669)
	at dotty.tools.dotc.ast.Trees$Instance$TreeAccumulator.foldOver(Trees.scala:1627)
	at dotty.tools.dotc.ast.Trees$Instance$DeepFolder.apply(Trees.scala:1669)
	at dotty.tools.dotc.ast.Trees$Instance$TreeAccumulator.fold$1(Trees.scala:1535)
	at dotty.tools.dotc.ast.Trees$Instance$TreeAccumulator.apply(Trees.scala:1537)
	at dotty.tools.dotc.ast.Trees$Instance$TreeAccumulator.foldOver(Trees.scala:1636)
	at dotty.tools.dotc.ast.Trees$Instance$TreeAccumulator.foldOver(Trees.scala:1541)
	at dotty.tools.dotc.ast.Trees$Instance$DeepFolder.apply(Trees.scala:1669)
	at scala.meta.internal.pc.PcDocumentHighlightProvider$.highlights(PcDocumentHighlightProvider.scala:276)

2022.12.05 12:17:28 WARN  no build target for: /workspaces/advent-of-code-2022/day5.scala
2022.12.05 12:17:43 WARN  no build target for: /workspaces/advent-of-code-2022/day5.scala
2022.12.05 12:17:45 WARN  no build target for: /workspaces/advent-of-code-2022/day5.scala
2022.12.05 12:17:58 WARN  no build target for: /workspaces/advent-of-code-2022/day5.scala
Dec 05, 2022 12:17:59 PM org.eclipse.lsp4j.jsonrpc.RemoteEndpoint handleCancellation
WARNING: Unmatched cancel notification for request id 164
Dec 05, 2022 12:17:59 PM org.eclipse.lsp4j.jsonrpc.RemoteEndpoint handleCancellation
WARNING: Unmatched cancel notification for request id 168
Dec 05, 2022 12:18:00 PM org.eclipse.lsp4j.jsonrpc.RemoteEndpoint handleCancellation
WARNING: Unmatched cancel notification for request id 174
2022.12.05 12:18:01 WARN  no build target for: /workspaces/advent-of-code-2022/day5.scala
2022.12.05 12:18:07 WARN  no build target for: /workspaces/advent-of-code-2022/day5.scala
2022.12.05 12:18:10 WARN  no build target for: /workspaces/advent-of-code-2022/day5.scala
2022.12.05 12:18:11 WARN  no build target for: /workspaces/advent-of-code-2022/day5.scala
2022.12.05 12:18:17 WARN  no build target for: /workspaces/advent-of-code-2022/day5.scala
2022.12.05 12:18:24 WARN  no build target for: /workspaces/advent-of-code-2022/day5.scala
2022.12.05 12:18:28 WARN  no build target for: /workspaces/advent-of-code-2022/day5.scala
2022.12.05 12:18:30 WARN  no build target for: /workspaces/advent-of-code-2022/day5.scala
2022.12.05 12:18:33 WARN  no build target for: /workspaces/advent-of-code-2022/day5.scala
2022.12.05 12:27:45 INFO  shutting down Metals
2022.12.05 12:28:09 INFO  tracing is disabled for protocol LSP, to enable tracing of incoming and outgoing JSON messages create an empty file at /workspaces/advent-of-code-2022/.metals/lsp.trace.json or /home/codespace/.cache/metals/lsp.trace.json
2022.12.05 12:28:11 INFO  logging to file /workspaces/advent-of-code-2022/.metals/metals.log
2022.12.05 12:28:11 INFO  Started: Metals version 0.11.9 in workspace '/workspaces/advent-of-code-2022' for client Visual Studio Code 1.73.1.
2022.12.05 12:28:13 INFO  time: initialize in 2.39s
2022.12.05 12:28:20 WARN  Build server is not auto-connectable.
2022.12.05 12:28:20 WARN  no build tool detected in workspace '/workspaces/advent-of-code-2022'. The most common cause for this problem is that the editor was opened in the wrong working directory, for example if you use sbt then the workspace directory should contain build.sbt. 
2022.12.05 12:28:20 WARN  no build target for: /workspaces/advent-of-code-2022/day5.scala
2022.12.05 12:28:26 INFO  no build target found for /workspaces/advent-of-code-2022/day5.scala. Using presentation compiler with project's scala-library version: 3.2.0
2022.12.05 12:28:29 INFO  time: code lens generation in 8.28s
2022.12.05 13:22:35 INFO  tracing is disabled for protocol LSP, to enable tracing of incoming and outgoing JSON messages create an empty file at /workspaces/advent-of-code-2022/.metals/lsp.trace.json or /home/codespace/.cache/metals/lsp.trace.json
2022.12.05 13:22:37 INFO  logging to file /workspaces/advent-of-code-2022/.metals/metals.log
2022.12.05 13:22:37 INFO  Started: Metals version 0.11.9 in workspace '/workspaces/advent-of-code-2022' for client Visual Studio Code 1.73.1.
2022.12.05 13:22:44 INFO  time: initialize in 7.21s
2022.12.05 13:22:47 WARN  Build server is not auto-connectable.
2022.12.05 13:22:47 WARN  no build tool detected in workspace '/workspaces/advent-of-code-2022'. The most common cause for this problem is that the editor was opened in the wrong working directory, for example if you use sbt then the workspace directory should contain build.sbt. 
2022.12.05 13:22:47 WARN  no build target for: /workspaces/advent-of-code-2022/day5.scala
2022.12.05 13:23:13 INFO  no build target found for /workspaces/advent-of-code-2022/day5.scala. Using presentation compiler with project's scala-library version: 3.2.0
2022.12.05 13:23:17 INFO  time: code lens generation in 29s
2022.12.05 13:29:33 INFO  tracing is disabled for protocol LSP, to enable tracing of incoming and outgoing JSON messages create an empty file at /workspaces/advent-of-code-2022/.metals/lsp.trace.json or /home/codespace/.cache/metals/lsp.trace.json
2022.12.05 13:29:36 INFO  logging to file /workspaces/advent-of-code-2022/.metals/metals.log
2022.12.05 13:29:36 INFO  Started: Metals version 0.11.9 in workspace '/workspaces/advent-of-code-2022' for client Visual Studio Code 1.73.1.
2022.12.05 13:29:41 INFO  time: initialize in 4.86s
2022.12.05 13:29:46 WARN  Build server is not auto-connectable.
2022.12.05 13:29:46 WARN  no build tool detected in workspace '/workspaces/advent-of-code-2022'. The most common cause for this problem is that the editor was opened in the wrong working directory, for example if you use sbt then the workspace directory should contain build.sbt. 
2022.12.05 13:29:46 WARN  no build target for: /workspaces/advent-of-code-2022/day5.scala
2022.12.05 13:29:54 INFO  no build target found for /workspaces/advent-of-code-2022/day5.scala. Using presentation compiler with project's scala-library version: 3.2.0
2022.12.05 13:29:58 INFO  time: code lens generation in 11s
2022.12.05 13:34:17 INFO  shutting down Metals
2022.12.05 13:43:20 WARN  sql closed: select build_target_uri from dependency_source where text_document_uri = ?;
2022.12.05 13:43:20 WARN  sql closed: select build_target_uri from dependency_source where text_document_uri = ?;
2022.12.05 13:43:24 WARN  no build target for: /workspaces/advent-of-code-2022/day5.scala
2022.12.05 13:43:26 WARN  no build target for: /workspaces/advent-of-code-2022/day5.scala
2022.12.05 13:43:28 WARN  no build target for: /workspaces/advent-of-code-2022/day5.scala
2022.12.05 13:43:33 WARN  no build target for: /workspaces/advent-of-code-2022/day5.scala
2022.12.05 13:43:34 WARN  no build target for: /workspaces/advent-of-code-2022/day5.scala
2022.12.05 13:43:36 WARN  no build target for: /workspaces/advent-of-code-2022/day5.scala
Dec 05, 2022 1:43:48 PM org.eclipse.lsp4j.jsonrpc.RemoteEndpoint handleCancellation
WARNING: Unmatched cancel notification for request id 54
2022.12.05 13:43:49 WARN  no build target for: /workspaces/advent-of-code-2022/day5.scala
2022.12.05 13:44:01 WARN  no build target for: /workspaces/advent-of-code-2022/day5.scala
Dec 05, 2022 1:44:02 PM org.eclipse.lsp4j.jsonrpc.RemoteEndpoint handleCancellation
WARNING: Unmatched cancel notification for request id 73
2022.12.05 13:44:03 WARN  no build target for: /workspaces/advent-of-code-2022/day5.scala
Dec 05, 2022 1:44:10 PM org.eclipse.lsp4j.jsonrpc.RemoteEndpoint handleCancellation
WARNING: Unmatched cancel notification for request id 90
2022.12.05 13:44:13 WARN  no build target for: /workspaces/advent-of-code-2022/day5.scala
2022.12.05 13:44:17 WARN  no build target for: /workspaces/advent-of-code-2022/day5.scala
2022.12.05 13:44:18 WARN  no build target for: /workspaces/advent-of-code-2022/day5.scala
Dec 05, 2022 1:44:32 PM org.eclipse.lsp4j.jsonrpc.RemoteEndpoint handleCancellation
WARNING: Unmatched cancel notification for request id 128
2022.12.05 13:44:34 WARN  no build target for: /workspaces/advent-of-code-2022/day5.scala
2022.12.05 13:44:36 WARN  no build target for: /workspaces/advent-of-code-2022/day5.scala
2022.12.05 13:44:38 WARN  no build target for: /workspaces/advent-of-code-2022/day5.scala
2022.12.05 13:44:40 WARN  no build target for: /workspaces/advent-of-code-2022/day5.scala
2022.12.05 13:44:42 WARN  no build target for: /workspaces/advent-of-code-2022/day5.scala
2022.12.05 13:44:42 WARN  no build target for: /workspaces/advent-of-code-2022/day5.scala
2022.12.05 13:44:42 WARN  no build target for: /workspaces/advent-of-code-2022/day5.scala
2022.12.05 13:44:43 WARN  no build target for: /workspaces/advent-of-code-2022/day5.scala
Dec 05, 2022 1:44:45 PM org.eclipse.lsp4j.jsonrpc.RemoteEndpoint handleCancellation
WARNING: Unmatched cancel notification for request id 184
2022.12.05 13:44:49 WARN  no build target for: /workspaces/advent-of-code-2022/day5.scala
2022.12.05 13:44:55 WARN  no build target for: /workspaces/advent-of-code-2022/day5.scala
2022.12.05 13:45:20 WARN  no build target for: /workspaces/advent-of-code-2022/day5.scala
2022.12.05 13:45:25 WARN  no build target for: /workspaces/advent-of-code-2022/day5.scala
2022.12.05 13:45:26 WARN  no build target for: /workspaces/advent-of-code-2022/day5.scala
Dec 05, 2022 1:45:27 PM org.eclipse.lsp4j.jsonrpc.RemoteEndpoint handleCancellation
WARNING: Unmatched cancel notification for request id 224
2022.12.05 13:45:30 WARN  no build target for: /workspaces/advent-of-code-2022/day5.scala
2022.12.05 13:45:30 WARN  no build target for: /workspaces/advent-of-code-2022/day5.scala
2022.12.05 13:45:32 WARN  no build target for: /workspaces/advent-of-code-2022/day5.scala
2022.12.05 13:45:40 WARN  no build target for: /workspaces/advent-of-code-2022/day5.scala
2022.12.05 13:45:42 WARN  no build target for: /workspaces/advent-of-code-2022/day5.scala
2022.12.05 13:46:17 WARN  no build target for: /workspaces/advent-of-code-2022/day5.scala
Dec 05, 2022 1:46:18 PM org.eclipse.lsp4j.jsonrpc.RemoteEndpoint handleCancellation
WARNING: Unmatched cancel notification for request id 305
2022.12.05 13:46:21 WARN  no build target for: /workspaces/advent-of-code-2022/day5.scala
Dec 05, 2022 1:46:32 PM org.eclipse.lsp4j.jsonrpc.RemoteEndpoint handleCancellation
WARNING: Unmatched cancel notification for request id 317
2022.12.05 13:46:34 WARN  no build target for: /workspaces/advent-of-code-2022/day5.scala
2022.12.05 13:46:36 WARN  no build target for: /workspaces/advent-of-code-2022/day5.scala
2022.12.05 13:47:25 WARN  no build target for: /workspaces/advent-of-code-2022/day5.scala
2022.12.05 13:47:27 WARN  no build target for: /workspaces/advent-of-code-2022/day5.scala
Dec 05, 2022 1:47:33 PM org.eclipse.lsp4j.jsonrpc.RemoteEndpoint handleCancellation
WARNING: Unmatched cancel notification for request id 380
2022.12.05 13:47:33 WARN  no build target for: /workspaces/advent-of-code-2022/day5.scala
2022.12.05 13:47:35 WARN  no build target for: /workspaces/advent-of-code-2022/day5.scala
2022.12.05 13:47:50 WARN  no build target for: /workspaces/advent-of-code-2022/day5.scala
Dec 05, 2022 1:47:59 PM org.eclipse.lsp4j.jsonrpc.RemoteEndpoint handleCancellation
WARNING: Unmatched cancel notification for request id 451
2022.12.05 13:48:03 WARN  no build target for: /workspaces/advent-of-code-2022/day5.scala
2022.12.05 13:48:05 WARN  no build target for: /workspaces/advent-of-code-2022/day5.scala
2022.12.05 13:48:10 WARN  no build target for: /workspaces/advent-of-code-2022/day5.scala
2022.12.05 13:48:18 WARN  no build target for: /workspaces/advent-of-code-2022/day5.scala
Dec 05, 2022 1:48:20 PM org.eclipse.lsp4j.jsonrpc.RemoteEndpoint handleCancellation
WARNING: Unmatched cancel notification for request id 538
2022.12.05 13:48:22 WARN  no build target for: /workspaces/advent-of-code-2022/day5.scala
2022.12.05 13:48:24 WARN  no build target for: /workspaces/advent-of-code-2022/day5.scala
2022.12.05 13:48:36 WARN  no build target for: /workspaces/advent-of-code-2022/day5.scala
2022.12.05 15:54:38 INFO  tracing is disabled for protocol LSP, to enable tracing of incoming and outgoing JSON messages create an empty file at /workspaces/advent-of-code-2022/.metals/lsp.trace.json or /home/codespace/.cache/metals/lsp.trace.json
2022.12.05 15:54:40 INFO  logging to file /workspaces/advent-of-code-2022/.metals/metals.log
2022.12.05 15:54:40 INFO  Started: Metals version 0.11.9 in workspace '/workspaces/advent-of-code-2022' for client Visual Studio Code 1.73.1.
2022.12.05 15:54:45 INFO  time: initialize in 5.75s
2022.12.05 15:54:49 WARN  Build server is not auto-connectable.
2022.12.05 15:54:49 WARN  no build tool detected in workspace '/workspaces/advent-of-code-2022'. The most common cause for this problem is that the editor was opened in the wrong working directory, for example if you use sbt then the workspace directory should contain build.sbt. 
2022.12.05 15:54:49 WARN  no build target for: /workspaces/advent-of-code-2022/day5.scala
2022.12.05 15:54:50 WARN  no build target for: /workspaces/advent-of-code-2022/day5.scala
Dec 05, 2022 3:54:50 PM org.eclipse.lsp4j.jsonrpc.RemoteEndpoint handleCancellation
WARNING: Unmatched cancel notification for request id 2
Dec 05, 2022 3:54:50 PM org.eclipse.lsp4j.jsonrpc.RemoteEndpoint handleCancellation
WARNING: Unmatched cancel notification for request id 4
2022.12.05 15:55:12 INFO  no build target found for /workspaces/advent-of-code-2022/day5.scala. Using presentation compiler with project's scala-library version: 3.2.0
Dec 05, 2022 3:55:13 PM org.eclipse.lsp4j.jsonrpc.RemoteEndpoint handleCancellation
WARNING: Unmatched cancel notification for request id 3
Dec 05, 2022 3:55:13 PM org.eclipse.lsp4j.jsonrpc.RemoteEndpoint handleCancellation
WARNING: Unmatched cancel notification for request id 9
Dec 05, 2022 3:55:13 PM org.eclipse.lsp4j.jsonrpc.RemoteEndpoint handleCancellation
WARNING: Unmatched cancel notification for request id 7
2022.12.05 15:55:13 WARN  no build target for: /workspaces/advent-of-code-2022/day5.scala
Dec 05, 2022 3:55:13 PM org.eclipse.lsp4j.jsonrpc.RemoteEndpoint handleCancellation
WARNING: Unmatched cancel notification for request id 10
Dec 05, 2022 3:55:13 PM org.eclipse.lsp4j.jsonrpc.RemoteEndpoint handleCancellation
WARNING: Unmatched cancel notification for request id 14
Dec 05, 2022 3:55:13 PM org.eclipse.lsp4j.jsonrpc.RemoteEndpoint handleCancellation
WARNING: Unmatched cancel notification for request id 12
2022.12.05 15:55:13 WARN  no build target for: /workspaces/advent-of-code-2022/day5.scala
2022.12.05 15:55:13 WARN  no build target for: /workspaces/advent-of-code-2022/day5.scala
Dec 05, 2022 3:55:13 PM org.eclipse.lsp4j.jsonrpc.RemoteEndpoint handleCancellation
WARNING: Unmatched cancel notification for request id 15
2022.12.05 15:55:19 INFO  time: code lens generation in 28s
2022.12.05 15:55:19 INFO  time: code lens generation in 5.71s
2022.12.05 15:55:19 INFO  time: code lens generation in 5.75s
2022.12.05 15:55:19 INFO  time: code lens generation in 5.58s
2022.12.05 15:57:07 WARN  no build target for: /workspaces/advent-of-code-2022/day5.scala
2022.12.05 15:57:12 WARN  no build target for: /workspaces/advent-of-code-2022/day5.scala
2022.12.05 15:57:17 WARN  no build target for: /workspaces/advent-of-code-2022/day5.scala
Dec 05, 2022 3:57:42 PM org.eclipse.lsp4j.jsonrpc.RemoteEndpoint handleCancellation
WARNING: Unmatched cancel notification for request id 50
2022.12.05 15:57:52 WARN  no build target for: /workspaces/advent-of-code-2022/day5.scala
Dec 05, 2022 3:58:49 PM org.eclipse.lsp4j.jsonrpc.RemoteEndpoint handleCancellation
WARNING: Unmatched cancel notification for request id 85
2022.12.05 15:58:51 WARN  no build target for: /workspaces/advent-of-code-2022/day5.scala
Dec 05, 2022 3:58:57 PM org.eclipse.lsp4j.jsonrpc.RemoteEndpoint handleCancellation
WARNING: Unmatched cancel notification for request id 93
2022.12.05 15:58:59 WARN  no build target for: /workspaces/advent-of-code-2022/day5.scala
2022.12.05 15:59:02 WARN  no build target for: /workspaces/advent-of-code-2022/day5.scala
2022.12.05 15:59:31 WARN  no build target for: /workspaces/advent-of-code-2022/day5.scala
2022.12.05 15:59:33 WARN  no build target for: /workspaces/advent-of-code-2022/day5.scala
2022.12.05 15:59:36 WARN  no build target for: /workspaces/advent-of-code-2022/day5.scala
2022.12.05 15:59:38 WARN  no build target for: /workspaces/advent-of-code-2022/day5.scala
2022.12.05 15:59:50 WARN  no build target for: /workspaces/advent-of-code-2022/day5.scala
2022.12.05 16:19:11 WARN  no build target for: /workspaces/advent-of-code-2022/day5.scala
2022.12.05 16:19:14 WARN  no build target for: /workspaces/advent-of-code-2022/day5.scala
2022.12.05 16:21:48 WARN  no build target for: /workspaces/advent-of-code-2022/day5.scala
2022.12.05 16:23:20 WARN  no build target for: /workspaces/advent-of-code-2022/day5.scala
2022.12.05 16:23:24 WARN  no build target for: /workspaces/advent-of-code-2022/day5.scala
2022.12.05 16:23:25 WARN  no build target for: /workspaces/advent-of-code-2022/day5.scala
2022.12.05 16:23:40 WARN  no build target for: /workspaces/advent-of-code-2022/day5.scala
Dec 05, 2022 4:24:12 PM org.eclipse.lsp4j.jsonrpc.RemoteEndpoint handleCancellation
WARNING: Unmatched cancel notification for request id 254
2022.12.05 16:24:16 WARN  no build target for: /workspaces/advent-of-code-2022/day5.scala
2022.12.05 16:27:15 WARN  no build target for: /workspaces/advent-of-code-2022/day5.scala
2022.12.05 16:27:16 WARN  no build target for: /workspaces/advent-of-code-2022/day5.scala
2022.12.05 16:28:21 WARN  no build target for: /workspaces/advent-of-code-2022/day5.scala
2022.12.05 16:28:22 WARN  no build target for: /workspaces/advent-of-code-2022/day5.scala
2022.12.05 16:28:26 WARN  no build target for: /workspaces/advent-of-code-2022/day5.scala
2022.12.05 16:28:29 WARN  no build target for: /workspaces/advent-of-code-2022/day5.scala
2022.12.05 16:28:35 WARN  no build target for: /workspaces/advent-of-code-2022/day5.scala
2022.12.05 16:28:37 WARN  no build target for: /workspaces/advent-of-code-2022/day5.scala
2022.12.05 16:28:37 WARN  no build target for: /workspaces/advent-of-code-2022/day5.scala
2022.12.05 16:28:40 WARN  no build target for: /workspaces/advent-of-code-2022/day5.scala
2022.12.05 16:28:42 WARN  no build target for: /workspaces/advent-of-code-2022/day5.scala
Dec 05, 2022 4:28:42 PM org.eclipse.lsp4j.jsonrpc.RemoteEndpoint handleCancellation
WARNING: Unmatched cancel notification for request id 390
2022.12.05 16:28:44 WARN  no build target for: /workspaces/advent-of-code-2022/day5.scala
2022.12.05 16:28:46 WARN  no build target for: /workspaces/advent-of-code-2022/day5.scala
2022.12.05 16:29:00 WARN  no build target for: /workspaces/advent-of-code-2022/day5.scala
Dec 05, 2022 4:29:05 PM org.eclipse.lsp4j.jsonrpc.RemoteEndpoint handleCancellation
WARNING: Unmatched cancel notification for request id 446
2022.12.05 16:29:06 WARN  no build target for: /workspaces/advent-of-code-2022/day5.scala
2022.12.05 16:29:07 WARN  no build target for: /workspaces/advent-of-code-2022/day5.scala
2022.12.05 16:29:10 WARN  no build target for: /workspaces/advent-of-code-2022/day5.scala
2022.12.05 16:29:12 WARN  no build target for: /workspaces/advent-of-code-2022/day5.scala
2022.12.05 16:29:18 WARN  no build target for: /workspaces/advent-of-code-2022/day5.scala
2022.12.05 16:29:32 WARN  no build target for: /workspaces/advent-of-code-2022/day5.scala
2022.12.05 16:29:37 WARN  no build target for: /workspaces/advent-of-code-2022/day5.scala
2022.12.05 16:29:38 WARN  no build target for: /workspaces/advent-of-code-2022/day5.scala
2022.12.05 16:29:43 WARN  no build target for: /workspaces/advent-of-code-2022/day5.scala
2022.12.05 16:32:39 WARN  no build target for: /workspaces/advent-of-code-2022/day5.scala
2022.12.05 16:32:44 WARN  no build target for: /workspaces/advent-of-code-2022/day5.scala
2022.12.05 16:32:45 WARN  no build target for: /workspaces/advent-of-code-2022/day5.scala
Dec 05, 2022 4:33:22 PM org.eclipse.lsp4j.jsonrpc.RemoteEndpoint handleCancellation
WARNING: Unmatched cancel notification for request id 615
2022.12.05 16:33:25 WARN  no build target for: /workspaces/advent-of-code-2022/day5.scala
2022.12.05 16:33:28 WARN  no build target for: /workspaces/advent-of-code-2022/day5.scala
2022.12.05 16:33:30 WARN  no build target for: /workspaces/advent-of-code-2022/day5.scala
2022.12.05 16:33:34 WARN  no build target for: /workspaces/advent-of-code-2022/day5.scala
2022.12.05 16:33:35 WARN  no build target for: /workspaces/advent-of-code-2022/day5.scala
2022.12.05 16:33:38 WARN  no build target for: /workspaces/advent-of-code-2022/day5.scala
2022.12.05 16:33:47 WARN  no build target for: /workspaces/advent-of-code-2022/day5.scala
2022.12.05 16:33:56 WARN  no build target for: /workspaces/advent-of-code-2022/day5.scala
Dec 05, 2022 4:34:00 PM org.eclipse.lsp4j.jsonrpc.RemoteEndpoint handleCancellation
WARNING: Unmatched cancel notification for request id 750
2022.12.05 16:34:03 WARN  no build target for: /workspaces/advent-of-code-2022/day5.scala
2022.12.05 16:34:07 WARN  no build target for: /workspaces/advent-of-code-2022/day5.scala
2022.12.05 16:34:27 WARN  no build target for: /workspaces/advent-of-code-2022/day5.scala
2022.12.05 16:34:30 WARN  no build target for: /workspaces/advent-of-code-2022/day5.scala
2022.12.05 16:34:33 WARN  no build target for: /workspaces/advent-of-code-2022/day5.scala
2022.12.05 16:34:37 WARN  no build target for: /workspaces/advent-of-code-2022/day5.scala
2022.12.05 16:34:38 WARN  no build target for: /workspaces/advent-of-code-2022/day5.scala
Dec 05, 2022 4:35:22 PM org.eclipse.lsp4j.jsonrpc.RemoteEndpoint handleCancellation
WARNING: Unmatched cancel notification for request id 824
2022.12.05 16:35:33 WARN  no build target for: /workspaces/advent-of-code-2022/day5.scala
2022.12.05 16:39:35 WARN  no build target for: /workspaces/advent-of-code-2022/day5.scala
2022.12.05 16:39:46 WARN  no build target for: /workspaces/advent-of-code-2022/day5.scala
2022.12.05 16:39:49 WARN  no build target for: /workspaces/advent-of-code-2022/day5.scala
2022.12.05 16:39:52 WARN  no build target for: /workspaces/advent-of-code-2022/day5.scala
2022.12.05 16:39:53 WARN  no build target for: /workspaces/advent-of-code-2022/day5.scala
2022.12.05 16:40:17 WARN  no build target for: /workspaces/advent-of-code-2022/day5.scala
2022.12.05 16:40:18 WARN  no build target for: /workspaces/advent-of-code-2022/day5.scala
2022.12.05 16:40:20 WARN  no build target for: /workspaces/advent-of-code-2022/day5.scala
2022.12.05 16:40:22 WARN  no build target for: /workspaces/advent-of-code-2022/day5.scala
2022.12.05 16:40:27 WARN  no build target for: /workspaces/advent-of-code-2022/day5.scala
2022.12.05 16:40:30 WARN  no build target for: /workspaces/advent-of-code-2022/day5.scala
2022.12.05 16:40:30 WARN  no build target for: /workspaces/advent-of-code-2022/day5.scala
Dec 05, 2022 4:40:33 PM org.eclipse.lsp4j.jsonrpc.RemoteEndpoint handleCancellation
WARNING: Unmatched cancel notification for request id 1017
2022.12.05 16:40:40 WARN  no build target for: /workspaces/advent-of-code-2022/day5.scala
2022.12.05 16:40:41 WARN  no build target for: /workspaces/advent-of-code-2022/day5.scala
2022.12.05 16:40:43 WARN  no build target for: /workspaces/advent-of-code-2022/day5.scala
2022.12.05 16:41:29 WARN  no build target for: /workspaces/advent-of-code-2022/day5.scala
2022.12.05 16:41:32 WARN  no build target for: /workspaces/advent-of-code-2022/day5.scala
2022.12.05 16:41:36 WARN  no build target for: /workspaces/advent-of-code-2022/day5.scala
2022.12.05 16:41:52 WARN  no build target for: /workspaces/advent-of-code-2022/day5.scala
2022.12.05 16:42:11 WARN  no build target for: /workspaces/advent-of-code-2022/day5.scala
2022.12.05 16:42:47 WARN  no build target for: /workspaces/advent-of-code-2022/day5.scala
2022.12.05 16:42:52 WARN  no build target for: /workspaces/advent-of-code-2022/day5.scala
2022.12.05 16:42:54 WARN  no build target for: /workspaces/advent-of-code-2022/day5.scala
2022.12.05 16:43:08 WARN  no build target for: /workspaces/advent-of-code-2022/day5.scala
2022.12.05 16:43:19 WARN  no build target for: /workspaces/advent-of-code-2022/day5.scala
Dec 05, 2022 4:50:54 PM org.eclipse.lsp4j.jsonrpc.RemoteEndpoint handleCancellation
WARNING: Unmatched cancel notification for request id 1219
2022.12.05 16:50:55 WARN  no build target for: /workspaces/advent-of-code-2022/day5.scala
2022.12.05 16:57:57 WARN  no build target for: /workspaces/advent-of-code-2022/day5.scala
2022.12.05 16:58:10 WARN  no build target for: /workspaces/advent-of-code-2022/day5.scala
2022.12.05 16:58:11 WARN  no build target for: /workspaces/advent-of-code-2022/day5.scala
2022.12.05 16:58:13 WARN  no build target for: /workspaces/advent-of-code-2022/day5.scala
2022.12.05 16:58:15 WARN  no build target for: /workspaces/advent-of-code-2022/day5.scala
2022.12.05 16:58:17 WARN  no build target for: /workspaces/advent-of-code-2022/day5.scala
2022.12.05 16:58:19 WARN  no build target for: /workspaces/advent-of-code-2022/day5.scala
2022.12.05 16:58:20 WARN  no build target for: /workspaces/advent-of-code-2022/day5.scala
2022.12.05 16:58:21 WARN  no build target for: /workspaces/advent-of-code-2022/day5.scala
2022.12.05 16:58:33 WARN  no build target for: /workspaces/advent-of-code-2022/day5.scala
2022.12.05 16:58:34 WARN  no build target for: /workspaces/advent-of-code-2022/day5.scala
Dec 05, 2022 4:58:36 PM org.eclipse.lsp4j.jsonrpc.RemoteEndpoint fallbackResponseError
SEVERE: Internal error: java.lang.reflect.InvocationTargetException
java.lang.RuntimeException: java.lang.reflect.InvocationTargetException
	at org.eclipse.lsp4j.jsonrpc.services.GenericEndpoint.lambda$null$0(GenericEndpoint.java:67)
	at org.eclipse.lsp4j.jsonrpc.services.GenericEndpoint.request(GenericEndpoint.java:120)
	at org.eclipse.lsp4j.jsonrpc.RemoteEndpoint.handleRequest(RemoteEndpoint.java:261)
	at org.eclipse.lsp4j.jsonrpc.RemoteEndpoint.consume(RemoteEndpoint.java:190)
	at org.eclipse.lsp4j.jsonrpc.json.StreamMessageProducer.handleMessage(StreamMessageProducer.java:194)
	at org.eclipse.lsp4j.jsonrpc.json.StreamMessageProducer.listen(StreamMessageProducer.java:94)
	at org.eclipse.lsp4j.jsonrpc.json.ConcurrentMessageProcessor.run(ConcurrentMessageProcessor.java:113)
	at java.base/java.util.concurrent.Executors$RunnableAdapter.call(Executors.java:539)
	at java.base/java.util.concurrent.FutureTask.run(FutureTask.java:264)
	at java.base/java.util.concurrent.ThreadPoolExecutor.runWorker(ThreadPoolExecutor.java:1136)
	at java.base/java.util.concurrent.ThreadPoolExecutor$Worker.run(ThreadPoolExecutor.java:635)
	at java.base/java.lang.Thread.run(Thread.java:833)
Caused by: java.lang.reflect.InvocationTargetException
	at java.base/jdk.internal.reflect.NativeMethodAccessorImpl.invoke0(Native Method)
	at java.base/jdk.internal.reflect.NativeMethodAccessorImpl.invoke(NativeMethodAccessorImpl.java:77)
	at java.base/jdk.internal.reflect.DelegatingMethodAccessorImpl.invoke(DelegatingMethodAccessorImpl.java:43)
	at java.base/java.lang.reflect.Method.invoke(Method.java:568)
	at org.eclipse.lsp4j.jsonrpc.services.GenericEndpoint.lambda$null$0(GenericEndpoint.java:65)
	... 11 more
Caused by: file:///workspaces/advent-of-code-2022/day5.scala:17: error: unclosed character literal
                        println('$line.charAt(a + 1) $a')
                                                       ^
	at scala.meta.internal.tokenizers.Reporter.syntaxError(Reporter.scala:23)
	at scala.meta.internal.tokenizers.Reporter.syntaxError$(Reporter.scala:23)
	at scala.meta.internal.tokenizers.Reporter$$anon$1.syntaxError(Reporter.scala:33)
	at scala.meta.internal.tokenizers.Reporter.syntaxError(Reporter.scala:25)
	at scala.meta.internal.tokenizers.Reporter.syntaxError$(Reporter.scala:25)
	at scala.meta.internal.tokenizers.Reporter$$anon$1.syntaxError(Reporter.scala:33)
	at scala.meta.internal.tokenizers.LegacyScanner.fetchSingleQuote$1(LegacyScanner.scala:439)
	at scala.meta.internal.tokenizers.LegacyScanner.fetchToken(LegacyScanner.scala:444)
	at scala.meta.internal.tokenizers.LegacyScanner.nextToken(LegacyScanner.scala:245)
	at scala.meta.internal.mtags.ScalaToplevelMtags.acceptBalancedDelimeters(ScalaToplevelMtags.scala:368)
	at scala.meta.internal.mtags.ScalaToplevelMtags.loop(ScalaToplevelMtags.scala:266)
	at scala.meta.internal.mtags.ScalaToplevelMtags.indexRoot(ScalaToplevelMtags.scala:50)
	at scala.meta.internal.mtags.MtagsIndexer.index(MtagsIndexer.scala:19)
	at scala.meta.internal.mtags.MtagsIndexer.index$(MtagsIndexer.scala:18)
	at scala.meta.internal.mtags.ScalaToplevelMtags.index(ScalaToplevelMtags.scala:40)
	at scala.meta.internal.mtags.Mtags$.allToplevels(Mtags.scala:96)
	at scala.meta.internal.metals.DefinitionProvider.fromMtags(DefinitionProvider.scala:286)
	at scala.meta.internal.metals.DefinitionProvider.$anonfun$positionOccurrence$3(DefinitionProvider.scala:206)
	at scala.Option.orElse(Option.scala:477)
	at scala.meta.internal.metals.DefinitionProvider.$anonfun$positionOccurrence$1(DefinitionProvider.scala:206)
	at scala.Option.flatMap(Option.scala:283)
	at scala.meta.internal.metals.DefinitionProvider.positionOccurrence(DefinitionProvider.scala:201)
	at scala.meta.internal.metals.MetalsLanguageServer.$anonfun$definitionOrReferences$1(MetalsLanguageServer.scala:2600)
	at scala.Option.map(Option.scala:242)
	at scala.meta.internal.metals.MetalsLanguageServer.definitionOrReferences(MetalsLanguageServer.scala:2596)
	at scala.meta.internal.metals.MetalsLanguageServer.$anonfun$definition$1(MetalsLanguageServer.scala:1490)
	at scala.meta.internal.metals.CancelTokens$.future(CancelTokens.scala:38)
	at scala.meta.internal.metals.MetalsLanguageServer.definition(MetalsLanguageServer.scala:1489)
	... 16 more

2022.12.05 16:58:37 WARN  no build target for: /workspaces/advent-of-code-2022/day5.scala
2022.12.05 16:58:44 WARN  no build target for: /workspaces/advent-of-code-2022/day5.scala
2022.12.05 16:58:49 WARN  no build target for: /workspaces/advent-of-code-2022/day5.scala
2022.12.05 16:58:50 WARN  no build target for: /workspaces/advent-of-code-2022/day5.scala
2022.12.05 16:59:36 WARN  no build target for: /workspaces/advent-of-code-2022/day5.scala
2022.12.05 16:59:37 WARN  no build target for: /workspaces/advent-of-code-2022/day5.scala
2022.12.05 16:59:39 WARN  no build target for: /workspaces/advent-of-code-2022/day5.scala
2022.12.05 16:59:40 WARN  no build target for: /workspaces/advent-of-code-2022/day5.scala
2022.12.05 16:59:42 WARN  no build target for: /workspaces/advent-of-code-2022/day5.scala
2022.12.05 16:59:43 WARN  no build target for: /workspaces/advent-of-code-2022/day5.scala
2022.12.05 16:59:45 WARN  no build target for: /workspaces/advent-of-code-2022/day5.scala
2022.12.05 16:59:48 WARN  no build target for: /workspaces/advent-of-code-2022/day5.scala
2022.12.05 16:59:50 WARN  no build target for: /workspaces/advent-of-code-2022/day5.scala
2022.12.05 17:00:02 WARN  no build target for: /workspaces/advent-of-code-2022/day5.scala
2022.12.05 17:00:03 WARN  no build target for: /workspaces/advent-of-code-2022/day5.scala
2022.12.05 17:00:05 WARN  no build target for: /workspaces/advent-of-code-2022/day5.scala
2022.12.05 17:00:06 WARN  no build target for: /workspaces/advent-of-code-2022/day5.scala
2022.12.05 17:00:33 WARN  no build target for: /workspaces/advent-of-code-2022/day5.scala
2022.12.05 17:00:37 WARN  no build target for: /workspaces/advent-of-code-2022/day5.scala
2022.12.05 17:00:52 WARN  no build target for: /workspaces/advent-of-code-2022/day5.scala
2022.12.05 17:00:53 WARN  no build target for: /workspaces/advent-of-code-2022/day5.scala
2022.12.05 17:04:01 WARN  no build target for: /workspaces/advent-of-code-2022/day5.scala
2022.12.05 17:04:02 WARN  no build target for: /workspaces/advent-of-code-2022/day5.scala
2022.12.05 17:04:04 WARN  no build target for: /workspaces/advent-of-code-2022/day5.scala
2022.12.05 17:04:11 WARN  no build target for: /workspaces/advent-of-code-2022/day5.scala
2022.12.05 17:09:13 WARN  no build target for: /workspaces/advent-of-code-2022/day5.scala
2022.12.05 17:09:14 WARN  no build target for: /workspaces/advent-of-code-2022/day5.scala
2022.12.05 17:09:20 WARN  no build target for: /workspaces/advent-of-code-2022/day5.scala
2022.12.05 17:09:24 WARN  no build target for: /workspaces/advent-of-code-2022/day5.scala
2022.12.05 17:09:25 WARN  no build target for: /workspaces/advent-of-code-2022/day5.scala
2022.12.05 17:09:27 WARN  no build target for: /workspaces/advent-of-code-2022/day5.scala
2022.12.05 17:09:42 WARN  no build target for: /workspaces/advent-of-code-2022/day5.scala
2022.12.05 17:09:43 WARN  no build target for: /workspaces/advent-of-code-2022/day5.scala
2022.12.05 17:09:50 WARN  no build target for: /workspaces/advent-of-code-2022/day5.scala
2022.12.05 17:09:52 WARN  no build target for: /workspaces/advent-of-code-2022/day5.scala
2022.12.05 17:09:58 WARN  no build target for: /workspaces/advent-of-code-2022/day5.scala
2022.12.05 17:10:17 WARN  no build target for: /workspaces/advent-of-code-2022/day5.scala
2022.12.05 17:10:24 WARN  no build target for: /workspaces/advent-of-code-2022/day5.scala
2022.12.05 17:10:24 WARN  no build target for: /workspaces/advent-of-code-2022/day5.scala
2022.12.05 17:10:25 WARN  no build target for: /workspaces/advent-of-code-2022/day5.scala
2022.12.05 17:10:29 WARN  no build target for: /workspaces/advent-of-code-2022/day5.scala
2022.12.05 17:10:30 WARN  no build target for: /workspaces/advent-of-code-2022/day5.scala
2022.12.05 17:11:20 WARN  no build target for: /workspaces/advent-of-code-2022/day5.scala
2022.12.05 17:11:40 WARN  no build target for: /workspaces/advent-of-code-2022/day5.scala
2022.12.05 17:11:42 WARN  no build target for: /workspaces/advent-of-code-2022/day5.scala
2022.12.05 17:11:44 WARN  no build target for: /workspaces/advent-of-code-2022/day5.scala
2022.12.05 17:17:19 WARN  no build target for: /workspaces/advent-of-code-2022/day5.scala
2022.12.05 17:17:21 WARN  no build target for: /workspaces/advent-of-code-2022/day5.scala
2022.12.05 17:17:23 WARN  no build target for: /workspaces/advent-of-code-2022/day5.scala
2022.12.05 17:17:27 WARN  no build target for: /workspaces/advent-of-code-2022/day5.scala
2022.12.05 17:17:29 WARN  no build target for: /workspaces/advent-of-code-2022/day5.scala
2022.12.05 17:17:30 WARN  no build target for: /workspaces/advent-of-code-2022/day5.scala
2022.12.05 17:17:31 WARN  no build target for: /workspaces/advent-of-code-2022/day5.scala
2022.12.05 17:17:34 WARN  no build target for: /workspaces/advent-of-code-2022/day5.scala
2022.12.05 17:17:38 WARN  no build target for: /workspaces/advent-of-code-2022/day5.scala
2022.12.05 17:17:48 WARN  no build target for: /workspaces/advent-of-code-2022/day5.scala
2022.12.05 17:17:51 WARN  no build target for: /workspaces/advent-of-code-2022/day5.scala
2022.12.05 17:17:55 WARN  no build target for: /workspaces/advent-of-code-2022/day5.scala
2022.12.05 17:22:56 WARN  no build target for: /workspaces/advent-of-code-2022/day5.scala
2022.12.05 17:23:11 WARN  no build target for: /workspaces/advent-of-code-2022/day5.scala
2022.12.05 17:23:13 WARN  no build target for: /workspaces/advent-of-code-2022/day5.scala
2022.12.05 17:23:14 WARN  no build target for: /workspaces/advent-of-code-2022/day5.scala
2022.12.05 17:23:15 WARN  no build target for: /workspaces/advent-of-code-2022/day5.scala
2022.12.05 17:26:42 WARN  no build target for: /workspaces/advent-of-code-2022/day5.scala
2022.12.05 17:26:54 WARN  no build target for: /workspaces/advent-of-code-2022/day5.scala
2022.12.05 17:26:57 WARN  no build target for: /workspaces/advent-of-code-2022/day5.scala
Dec 05, 2022 5:26:58 PM org.eclipse.lsp4j.jsonrpc.RemoteEndpoint handleCancellation
WARNING: Unmatched cancel notification for request id 2138
2022.12.05 17:27:01 WARN  no build target for: /workspaces/advent-of-code-2022/day5.scala
2022.12.05 17:27:06 WARN  no build target for: /workspaces/advent-of-code-2022/day5.scala
2022.12.05 17:27:07 WARN  no build target for: /workspaces/advent-of-code-2022/day5.scala
2022.12.05 17:28:39 WARN  no build target for: /workspaces/advent-of-code-2022/day5.scala
2022.12.05 17:28:53 WARN  no build target for: /workspaces/advent-of-code-2022/day5.scala
Dec 05, 2022 5:28:57 PM org.eclipse.lsp4j.jsonrpc.RemoteEndpoint handleCancellation
WARNING: Unmatched cancel notification for request id 2232
Dec 05, 2022 5:28:57 PM org.eclipse.lsp4j.jsonrpc.RemoteEndpoint handleCancellation
WARNING: Unmatched cancel notification for request id 2240
2022.12.05 17:28:59 WARN  no build target for: /workspaces/advent-of-code-2022/day5.scala
2022.12.05 17:29:00 WARN  no build target for: /workspaces/advent-of-code-2022/day5.scala
2022.12.05 17:29:06 WARN  no build target for: /workspaces/advent-of-code-2022/day5.scala
2022.12.05 17:29:10 WARN  no build target for: /workspaces/advent-of-code-2022/day5.scala
2022.12.05 17:29:13 WARN  no build target for: /workspaces/advent-of-code-2022/day5.scala
Dec 05, 2022 5:29:17 PM org.eclipse.lsp4j.jsonrpc.RemoteEndpoint handleCancellation
WARNING: Unmatched cancel notification for request id 2310
2022.12.05 17:29:19 WARN  no build target for: /workspaces/advent-of-code-2022/day5.scala
2022.12.05 17:29:25 WARN  no build target for: /workspaces/advent-of-code-2022/day5.scala
2022.12.05 17:29:25 WARN  no build target for: /workspaces/advent-of-code-2022/day5.scala
2022.12.05 17:29:30 WARN  no build target for: /workspaces/advent-of-code-2022/day5.scala
2022.12.05 17:29:35 WARN  no build target for: /workspaces/advent-of-code-2022/day5.scala
2022.12.05 17:29:37 WARN  no build target for: /workspaces/advent-of-code-2022/day5.scala
2022.12.05 17:29:51 WARN  no build target for: /workspaces/advent-of-code-2022/day5.scala
2022.12.05 17:30:01 WARN  no build target for: /workspaces/advent-of-code-2022/day5.scala
Dec 05, 2022 5:30:07 PM org.eclipse.lsp4j.jsonrpc.RemoteEndpoint handleCancellation
WARNING: Unmatched cancel notification for request id 2409
2022.12.05 17:30:11 WARN  no build target for: /workspaces/advent-of-code-2022/day5.scala
2022.12.05 17:30:14 WARN  no build target for: /workspaces/advent-of-code-2022/day5.scala
2022.12.05 17:30:19 WARN  no build target for: /workspaces/advent-of-code-2022/day5.scala
2022.12.05 17:30:27 WARN  no build target for: /workspaces/advent-of-code-2022/day5.scala
2022.12.05 17:30:34 WARN  no build target for: /workspaces/advent-of-code-2022/day5.scala
2022.12.05 17:30:48 WARN  no build target for: /workspaces/advent-of-code-2022/day5.scala
2022.12.05 17:30:51 WARN  no build target for: /workspaces/advent-of-code-2022/day5.scala
2022.12.05 17:30:52 WARN  no build target for: /workspaces/advent-of-code-2022/day5.scala
2022.12.05 17:33:10 WARN  no build target for: /workspaces/advent-of-code-2022/day5.scala
2022.12.05 17:33:11 WARN  no build target for: /workspaces/advent-of-code-2022/day5.scala
Dec 05, 2022 5:33:12 PM org.eclipse.lsp4j.jsonrpc.RemoteEndpoint handleCancellation
WARNING: Unmatched cancel notification for request id 2524
2022.12.05 17:33:16 WARN  no build target for: /workspaces/advent-of-code-2022/day5.scala
2022.12.05 17:33:19 WARN  no build target for: /workspaces/advent-of-code-2022/day5.scala
Dec 05, 2022 5:58:48 PM org.eclipse.lsp4j.jsonrpc.RemoteEndpoint handleCancellation
WARNING: Unmatched cancel notification for request id 2573
2022.12.05 17:58:48 WARN  no build target for: /workspaces/advent-of-code-2022/day5.scala
Dec 05, 2022 5:58:49 PM org.eclipse.lsp4j.jsonrpc.RemoteEndpoint handleCancellation
WARNING: Unmatched cancel notification for request id 2581
2022.12.05 17:58:51 WARN  no build target for: /workspaces/advent-of-code-2022/day5.scala
2022.12.05 17:58:53 WARN  no build target for: /workspaces/advent-of-code-2022/day5.scala
2022.12.05 17:58:54 WARN  no build target for: /workspaces/advent-of-code-2022/day5.scala
2022.12.05 17:58:54 WARN  no build target for: /workspaces/advent-of-code-2022/day5.scala
2022.12.05 17:59:20 WARN  no build target for: /workspaces/advent-of-code-2022/day5.scala
2022.12.05 17:59:21 WARN  no build target for: /workspaces/advent-of-code-2022/day5.scala
2022.12.05 17:59:24 WARN  no build target for: /workspaces/advent-of-code-2022/day5.scala
2022.12.05 17:59:27 WARN  no build target for: /workspaces/advent-of-code-2022/day5.scala
2022.12.05 17:59:29 WARN  no build target for: /workspaces/advent-of-code-2022/day5.scala
2022.12.05 17:59:29 WARN  no build target for: /workspaces/advent-of-code-2022/day5.scala
2022.12.05 18:00:17 WARN  no build target for: /workspaces/advent-of-code-2022/day5.scala
2022.12.05 18:00:20 WARN  no build target for: /workspaces/advent-of-code-2022/day5.scala
2022.12.05 18:00:23 WARN  no build target for: /workspaces/advent-of-code-2022/day5.scala
Dec 05, 2022 6:00:30 PM org.eclipse.lsp4j.jsonrpc.RemoteEndpoint handleCancellation
WARNING: Unmatched cancel notification for request id 2739
2022.12.05 18:00:33 WARN  no build target for: /workspaces/advent-of-code-2022/day5.scala
2022.12.05 18:00:35 WARN  no build target for: /workspaces/advent-of-code-2022/day5.scala
2022.12.05 18:00:39 WARN  no build target for: /workspaces/advent-of-code-2022/day5.scala
2022.12.05 18:00:51 WARN  no build target for: /workspaces/advent-of-code-2022/day5.scala
2022.12.05 18:00:52 WARN  no build target for: /workspaces/advent-of-code-2022/day5.scala
2022.12.05 18:00:53 WARN  no build target for: /workspaces/advent-of-code-2022/day5.scala
2022.12.05 18:00:53 WARN  no build target for: /workspaces/advent-of-code-2022/day5.scala
2022.12.05 18:02:22 WARN  no build target for: /workspaces/advent-of-code-2022/day5.scala
Dec 05, 2022 6:02:28 PM org.eclipse.lsp4j.jsonrpc.services.GenericEndpoint notify
INFO: Unsupported notification method: $/setTrace
2022.12.05 18:02:33 WARN  no build target for: /workspaces/advent-of-code-2022/day5.scala
2022.12.05 18:02:35 WARN  no build target for: /workspaces/advent-of-code-2022/day5.scala
2022.12.05 18:02:38 WARN  no build target for: /workspaces/advent-of-code-2022/day5.scala
2022.12.05 18:02:40 WARN  no build target for: /workspaces/advent-of-code-2022/day5.scala
2022.12.05 18:02:41 WARN  no build target for: /workspaces/advent-of-code-2022/day5.scala
2022.12.05 18:02:44 WARN  no build target for: /workspaces/advent-of-code-2022/day5.scala
2022.12.05 18:02:46 WARN  no build target for: /workspaces/advent-of-code-2022/day5.scala
2022.12.05 18:07:52 WARN  no build target for: /workspaces/advent-of-code-2022/day5.scala
2022.12.05 18:08:01 WARN  no build target for: /workspaces/advent-of-code-2022/day5.scala
2022.12.05 18:08:04 WARN  no build target for: /workspaces/advent-of-code-2022/day5.scala
2022.12.05 18:13:33 WARN  no build target for: /workspaces/advent-of-code-2022/day5.scala
2022.12.05 18:13:35 WARN  no build target for: /workspaces/advent-of-code-2022/day5.scala
2022.12.05 18:13:37 WARN  no build target for: /workspaces/advent-of-code-2022/day5.scala
2022.12.05 18:14:44 WARN  no build target for: /workspaces/advent-of-code-2022/day5.scala
2022.12.05 18:14:46 WARN  no build target for: /workspaces/advent-of-code-2022/day5.scala
2022.12.05 18:14:47 WARN  no build target for: /workspaces/advent-of-code-2022/day5.scala
2022.12.05 18:14:51 WARN  no build target for: /workspaces/advent-of-code-2022/day5.scala
2022.12.05 18:15:38 WARN  no build target for: /workspaces/advent-of-code-2022/day5.scala
2022.12.05 18:15:39 WARN  no build target for: /workspaces/advent-of-code-2022/day5.scala
2022.12.05 18:16:26 WARN  no build target for: /workspaces/advent-of-code-2022/day5.scala
2022.12.05 18:16:30 WARN  no build target for: /workspaces/advent-of-code-2022/day5.scala
2022.12.05 18:16:33 WARN  no build target for: /workspaces/advent-of-code-2022/day5.scala
2022.12.05 18:16:39 WARN  no build target for: /workspaces/advent-of-code-2022/day5.scala
2022.12.05 18:18:18 WARN  no build target for: /workspaces/advent-of-code-2022/day5.scala
2022.12.05 18:18:19 WARN  no build target for: /workspaces/advent-of-code-2022/day5.scala
2022.12.05 18:18:20 WARN  no build target for: /workspaces/advent-of-code-2022/day5.scala
2022.12.05 18:18:24 WARN  no build target for: /workspaces/advent-of-code-2022/day5.scala
2022.12.05 18:18:28 WARN  no build target for: /workspaces/advent-of-code-2022/day5.scala
2022.12.05 18:18:33 WARN  no build target for: /workspaces/advent-of-code-2022/day5.scala
2022.12.05 18:18:36 WARN  no build target for: /workspaces/advent-of-code-2022/day5.scala
2022.12.05 18:19:11 WARN  no build target for: /workspaces/advent-of-code-2022/day5.scala
2022.12.05 18:19:31 WARN  no build target for: /workspaces/advent-of-code-2022/day5.scala
2022.12.05 18:19:33 WARN  no build target for: /workspaces/advent-of-code-2022/day5.scala
2022.12.05 18:19:53 WARN  no build target for: /workspaces/advent-of-code-2022/day5.scala
2022.12.05 18:20:02 WARN  no build target for: /workspaces/advent-of-code-2022/day5.scala
2022.12.05 18:20:10 WARN  no build target for: /workspaces/advent-of-code-2022/day5.scala
2022.12.05 18:20:11 WARN  no build target for: /workspaces/advent-of-code-2022/day5.scala
2022.12.05 18:20:18 WARN  no build target for: /workspaces/advent-of-code-2022/day5.scala
2022.12.05 18:20:40 WARN  no build target for: /workspaces/advent-of-code-2022/day5.scala
2022.12.05 18:20:50 WARN  no build target for: /workspaces/advent-of-code-2022/day5.scala
2022.12.05 18:40:01 WARN  no build target for: /workspaces/advent-of-code-2022/day5.scala
2022.12.05 18:40:03 WARN  no build target for: /workspaces/advent-of-code-2022/day5.scala
Dec 05, 2022 6:40:06 PM org.eclipse.lsp4j.jsonrpc.RemoteEndpoint handleCancellation
WARNING: Unmatched cancel notification for request id 3436
2022.12.05 18:40:08 WARN  no build target for: /workspaces/advent-of-code-2022/day5.scala
2022.12.05 18:40:11 WARN  no build target for: /workspaces/advent-of-code-2022/day5.scala
2022.12.05 18:40:16 WARN  no build target for: /workspaces/advent-of-code-2022/day5.scala
2022.12.05 18:40:19 WARN  no build target for: /workspaces/advent-of-code-2022/day5.scala
2022.12.05 18:40:54 WARN  no build target for: /workspaces/advent-of-code-2022/day5.scala
2022.12.05 18:40:56 WARN  no build target for: /workspaces/advent-of-code-2022/day5.scala
2022.12.05 18:41:18 WARN  no build target for: /workspaces/advent-of-code-2022/day5.scala
2022.12.05 18:41:18 WARN  no build target for: /workspaces/advent-of-code-2022/day5.scala
2022.12.05 18:41:19 WARN  no build target for: /workspaces/advent-of-code-2022/day5.scala
2022.12.05 18:41:32 WARN  no build target for: /workspaces/advent-of-code-2022/day5.scala
2022.12.05 18:41:33 WARN  no build target for: /workspaces/advent-of-code-2022/day5.scala
2022.12.05 18:41:36 WARN  no build target for: /workspaces/advent-of-code-2022/day5.scala
2022.12.05 18:41:51 WARN  no build target for: /workspaces/advent-of-code-2022/day5.scala
2022.12.05 18:41:58 WARN  no build target for: /workspaces/advent-of-code-2022/day5.scala
2022.12.05 18:42:01 WARN  no build target for: /workspaces/advent-of-code-2022/day5.scala
2022.12.05 18:42:03 WARN  no build target for: /workspaces/advent-of-code-2022/day5.scala
2022.12.05 18:42:07 WARN  no build target for: /workspaces/advent-of-code-2022/day5.scala
2022.12.05 18:42:11 WARN  no build target for: /workspaces/advent-of-code-2022/day5.scala
2022.12.05 18:42:23 WARN  no build target for: /workspaces/advent-of-code-2022/day5.scala
2022.12.05 18:42:25 WARN  no build target for: /workspaces/advent-of-code-2022/day5.scala
2022.12.05 18:42:27 WARN  no build target for: /workspaces/advent-of-code-2022/day5.scala
2022.12.05 18:42:38 WARN  no build target for: /workspaces/advent-of-code-2022/day5.scala
Dec 05, 2022 6:49:36 PM org.eclipse.lsp4j.jsonrpc.RemoteEndpoint handleCancellation
WARNING: Unmatched cancel notification for request id 3744
2022.12.05 18:51:05 WARN  no build target for: /workspaces/advent-of-code-2022/day5.scala
2022.12.05 18:51:08 WARN  no build target for: /workspaces/advent-of-code-2022/day5.scala
2022.12.05 18:51:13 WARN  no build target for: /workspaces/advent-of-code-2022/day5.scala
2022.12.05 18:51:15 WARN  no build target for: /workspaces/advent-of-code-2022/day5.scala
2022.12.05 18:53:00 INFO  tracing is disabled for protocol LSP, to enable tracing of incoming and outgoing JSON messages create an empty file at /workspaces/advent-of-code-2022/.metals/lsp.trace.json or /home/codespace/.cache/metals/lsp.trace.json
2022.12.05 18:53:04 INFO  logging to file /workspaces/advent-of-code-2022/.metals/metals.log
2022.12.05 18:53:04 INFO  Started: Metals version 0.11.9 in workspace '/workspaces/advent-of-code-2022' for client Visual Studio Code 1.73.1.
2022.12.05 18:53:11 INFO  time: initialize in 6.86s
2022.12.05 18:53:15 WARN  Build server is not auto-connectable.
2022.12.05 18:53:15 WARN  no build tool detected in workspace '/workspaces/advent-of-code-2022'. The most common cause for this problem is that the editor was opened in the wrong working directory, for example if you use sbt then the workspace directory should contain build.sbt. 
2022.12.05 18:53:15 WARN  no build target for: /workspaces/advent-of-code-2022/day5.scala
2022.12.05 18:53:40 INFO  no build target found for /workspaces/advent-of-code-2022/day5.scala. Using presentation compiler with project's scala-library version: 3.2.0
Dec 05, 2022 6:53:41 PM org.eclipse.lsp4j.jsonrpc.RemoteEndpoint handleCancellation
WARNING: Unmatched cancel notification for request id 8
Dec 05, 2022 6:53:41 PM org.eclipse.lsp4j.jsonrpc.RemoteEndpoint handleCancellation
WARNING: Unmatched cancel notification for request id 11
2022.12.05 18:53:42 WARN  no build target for: /workspaces/advent-of-code-2022/day5.scala
2022.12.05 18:53:47 INFO  time: code lens generation in 4.97s
2022.12.05 18:53:47 INFO  time: code lens generation in 25s
2022.12.05 18:53:47 INFO  time: code lens generation in 5.89s
2022.12.05 18:53:47 INFO  time: code lens generation in 29s
2022.12.05 18:54:18 WARN  no build target for: /workspaces/advent-of-code-2022/day5.scala
2022.12.05 18:54:20 WARN  no build target for: /workspaces/advent-of-code-2022/day5.scala
2022.12.05 18:54:22 WARN  no build target for: /workspaces/advent-of-code-2022/day5.scala
2022.12.05 18:54:24 WARN  no build target for: /workspaces/advent-of-code-2022/day5.scala
2022.12.05 18:55:22 WARN  no build target for: /workspaces/advent-of-code-2022/day5.scala
2022.12.05 18:55:24 WARN  no build target for: /workspaces/advent-of-code-2022/day5.scala
Dec 05, 2022 6:55:27 PM org.eclipse.lsp4j.jsonrpc.RemoteEndpoint handleCancellation
WARNING: Unmatched cancel notification for request id 88
2022.12.05 18:55:34 WARN  no build target for: /workspaces/advent-of-code-2022/day5.scala
2022.12.05 18:56:16 WARN  no build target for: /workspaces/advent-of-code-2022/day5.scala
2022.12.05 18:56:18 WARN  no build target for: /workspaces/advent-of-code-2022/day5.scala
2022.12.05 18:56:18 WARN  no build target for: /workspaces/advent-of-code-2022/day5.scala
2022.12.05 18:56:23 WARN  no build target for: /workspaces/advent-of-code-2022/day5.scala
2022.12.05 18:56:27 WARN  no build target for: /workspaces/advent-of-code-2022/day5.scala
2022.12.05 18:56:30 WARN  no build target for: /workspaces/advent-of-code-2022/day5.scala
Dec 05, 2022 6:56:31 PM org.eclipse.lsp4j.jsonrpc.RemoteEndpoint handleCancellation
WARNING: Unmatched cancel notification for request id 177
2022.12.05 18:56:33 WARN  no build target for: /workspaces/advent-of-code-2022/day5.scala
2022.12.05 18:58:32 WARN  no build target for: /workspaces/advent-of-code-2022/day5.scala
2022.12.05 18:58:33 WARN  no build target for: /workspaces/advent-of-code-2022/day5.scala
2022.12.05 18:58:33 WARN  no build target for: /workspaces/advent-of-code-2022/day5.scala
2022.12.05 18:59:22 WARN  no build target for: /workspaces/advent-of-code-2022/day5.scala
2022.12.05 18:59:43 WARN  no build target for: /workspaces/advent-of-code-2022/day5.scala
Dec 05, 2022 6:59:44 PM org.eclipse.lsp4j.jsonrpc.RemoteEndpoint handleCancellation
WARNING: Unmatched cancel notification for request id 291
2022.12.05 18:59:49 WARN  no build target for: /workspaces/advent-of-code-2022/day5.scala
Dec 05, 2022 6:59:50 PM org.eclipse.lsp4j.jsonrpc.RemoteEndpoint handleCancellation
WARNING: Unmatched cancel notification for request id 317
2022.12.05 18:59:54 WARN  no build target for: /workspaces/advent-of-code-2022/day5.scala
2022.12.05 18:59:55 WARN  no build target for: /workspaces/advent-of-code-2022/day5.scala
2022.12.05 18:59:57 WARN  no build target for: /workspaces/advent-of-code-2022/day5.scala
2022.12.05 18:59:59 WARN  no build target for: /workspaces/advent-of-code-2022/day5.scala
2022.12.05 18:59:59 WARN  no build target for: /workspaces/advent-of-code-2022/day5.scala
2022.12.05 19:05:11 INFO  tracing is disabled for protocol LSP, to enable tracing of incoming and outgoing JSON messages create an empty file at /workspaces/advent-of-code-2022/.metals/lsp.trace.json or /home/codespace/.cache/metals/lsp.trace.json
2022.12.05 19:05:13 INFO  logging to file /workspaces/advent-of-code-2022/.metals/metals.log
2022.12.05 19:05:13 INFO  Started: Metals version 0.11.9 in workspace '/workspaces/advent-of-code-2022' for client Visual Studio Code 1.73.1.
2022.12.05 19:05:17 INFO  time: initialize in 3.94s
2022.12.05 19:05:28 WARN  Build server is not auto-connectable.
2022.12.05 19:05:28 WARN  no build tool detected in workspace '/workspaces/advent-of-code-2022'. The most common cause for this problem is that the editor was opened in the wrong working directory, for example if you use sbt then the workspace directory should contain build.sbt. 
2022.12.05 19:05:28 WARN  no build target for: /workspaces/advent-of-code-2022/day5.scala
2022.12.05 19:05:50 INFO  no build target found for /workspaces/advent-of-code-2022/day5.scala. Using presentation compiler with project's scala-library version: 3.2.0
Dec 05, 2022 7:05:51 PM org.eclipse.lsp4j.jsonrpc.RemoteEndpoint handleCancellation
WARNING: Unmatched cancel notification for request id 11
Dec 05, 2022 7:05:51 PM org.eclipse.lsp4j.jsonrpc.RemoteEndpoint handleCancellation
WARNING: Unmatched cancel notification for request id 16
2022.12.05 19:05:56 INFO  time: code lens generation in 25s
2022.12.05 19:05:56 INFO  time: code lens generation in 25s
2022.12.05 19:09:53 INFO  shutting down Metals
2022.12.05 19:10:34 WARN  no build target for: /workspaces/advent-of-code-2022/day5.scala
2022.12.05 19:10:34 WARN  no build target for: /workspaces/advent-of-code-2022/day5.scala
2022.12.05 19:10:34 WARN  no build target for: /workspaces/advent-of-code-2022/day5.scala
2022.12.05 19:10:47 WARN  no build target for: /workspaces/advent-of-code-2022/day5.scala
2022.12.05 19:10:50 WARN  no build target for: /workspaces/advent-of-code-2022/day5.scala
2022.12.05 19:10:52 WARN  no build target for: /workspaces/advent-of-code-2022/day5.scala
2022.12.05 19:10:54 WARN  no build target for: /workspaces/advent-of-code-2022/day5.scala
2022.12.05 19:11:00 WARN  no build target for: /workspaces/advent-of-code-2022/day5.scala
2022.12.05 19:11:08 WARN  no build target for: /workspaces/advent-of-code-2022/day5.scala
2022.12.05 19:11:10 WARN  no build target for: /workspaces/advent-of-code-2022/day5.scala
2022.12.05 19:11:19 WARN  no build target for: /workspaces/advent-of-code-2022/day5.scala
2022.12.05 19:11:22 WARN  no build target for: /workspaces/advent-of-code-2022/day5.scala
Dec 05, 2022 7:11:31 PM org.eclipse.lsp4j.jsonrpc.RemoteEndpoint handleCancellation
WARNING: Unmatched cancel notification for request id 150
2022.12.05 19:11:34 WARN  no build target for: /workspaces/advent-of-code-2022/day5.scala
2022.12.05 19:11:36 WARN  no build target for: /workspaces/advent-of-code-2022/day5.scala
2022.12.05 19:11:40 WARN  no build target for: /workspaces/advent-of-code-2022/day5.scala
2022.12.05 19:11:43 WARN  no build target for: /workspaces/advent-of-code-2022/day5.scala
2022.12.05 19:11:46 WARN  no build target for: /workspaces/advent-of-code-2022/day5.scala
Dec 05, 2022 7:11:51 PM org.eclipse.lsp4j.jsonrpc.RemoteEndpoint handleCancellation
WARNING: Unmatched cancel notification for request id 204
2022.12.05 19:11:56 WARN  no build target for: /workspaces/advent-of-code-2022/day5.scala
2022.12.05 19:13:29 WARN  no build target for: /workspaces/advent-of-code-2022/day5.scala
2022.12.05 19:13:31 WARN  no build target for: /workspaces/advent-of-code-2022/day5.scala
2022.12.05 19:13:32 WARN  no build target for: /workspaces/advent-of-code-2022/day5.scala
Dec 05, 2022 7:13:46 PM org.eclipse.lsp4j.jsonrpc.RemoteEndpoint handleCancellation
WARNING: Unmatched cancel notification for request id 258
2022.12.05 19:13:48 WARN  no build target for: /workspaces/advent-of-code-2022/day5.scala
2022.12.05 19:13:51 WARN  no build target for: /workspaces/advent-of-code-2022/day5.scala
Dec 05, 2022 7:13:58 PM org.eclipse.lsp4j.jsonrpc.RemoteEndpoint handleCancellation
WARNING: Unmatched cancel notification for request id 274
2022.12.05 19:13:59 WARN  no build target for: /workspaces/advent-of-code-2022/day5.scala
2022.12.05 19:15:42 WARN  no build target for: /workspaces/advent-of-code-2022/day5.scala
2022.12.05 19:15:43 WARN  no build target for: /workspaces/advent-of-code-2022/day5.scala
2022.12.05 19:50:25 INFO  tracing is disabled for protocol LSP, to enable tracing of incoming and outgoing JSON messages create an empty file at /workspaces/advent-of-code-2022/.metals/lsp.trace.json or /home/codespace/.cache/metals/lsp.trace.json
2022.12.05 19:50:27 INFO  logging to file /workspaces/advent-of-code-2022/.metals/metals.log
2022.12.05 19:50:27 INFO  Started: Metals version 0.11.9 in workspace '/workspaces/advent-of-code-2022' for client Visual Studio Code 1.73.1.
2022.12.05 19:50:33 INFO  time: initialize in 6.41s
2022.12.05 19:50:36 WARN  Build server is not auto-connectable.
2022.12.05 19:50:36 WARN  no build tool detected in workspace '/workspaces/advent-of-code-2022'. The most common cause for this problem is that the editor was opened in the wrong working directory, for example if you use sbt then the workspace directory should contain build.sbt. 
2022.12.05 19:50:36 WARN  no build target for: /workspaces/advent-of-code-2022/day5.scala
2022.12.05 19:50:56 INFO  no build target found for /workspaces/advent-of-code-2022/day5.scala. Using presentation compiler with project's scala-library version: 3.2.0
2022.12.05 19:51:01 INFO  time: code lens generation in 23s
2022.12.05 20:06:53 WARN  no build target for: /workspaces/advent-of-code-2022/day5.scala
Dec 05, 2022 8:06:54 PM org.eclipse.lsp4j.jsonrpc.RemoteEndpoint handleCancellation
WARNING: Unmatched cancel notification for request id 19
2022.12.05 20:06:55 WARN  no build target for: /workspaces/advent-of-code-2022/day5.scala
2022.12.05 20:06:55 WARN  no build target for: /workspaces/advent-of-code-2022/day5.scala
2022.12.05 20:07:13 WARN  no build target for: /workspaces/advent-of-code-2022/day5.scala
2022.12.05 20:07:16 WARN  no build target for: /workspaces/advent-of-code-2022/day5.scala
2022.12.05 20:07:27 WARN  no build target for: /workspaces/advent-of-code-2022/day5.scala
2022.12.05 20:08:28 WARN  no build target for: /workspaces/advent-of-code-2022/day5.scala
2022.12.05 20:08:29 WARN  no build target for: /workspaces/advent-of-code-2022/day5.scala
Dec 05, 2022 8:08:29 PM org.eclipse.lsp4j.jsonrpc.RemoteEndpoint handleCancellation
WARNING: Unmatched cancel notification for request id 68
2022.12.05 20:08:29 WARN  no build target for: /workspaces/advent-of-code-2022/day5.scala
2022.12.05 20:08:29 WARN  no build target for: /workspaces/advent-of-code-2022/day5.scala
2022.12.05 20:08:33 WARN  no build target for: /workspaces/advent-of-code-2022/day5.scala
2022.12.05 20:08:42 WARN  no build target for: /workspaces/advent-of-code-2022/day5.scala
Dec 05, 2022 8:08:51 PM org.eclipse.lsp4j.jsonrpc.RemoteEndpoint handleCancellation
WARNING: Unmatched cancel notification for request id 109
2022.12.05 20:08:54 WARN  no build target for: /workspaces/advent-of-code-2022/day5.scala
2022.12.05 20:09:04 WARN  no build target for: /workspaces/advent-of-code-2022/day5.scala
2022.12.05 20:09:09 WARN  no build target for: /workspaces/advent-of-code-2022/day5.scala
2022.12.05 20:09:24 WARN  no build target for: /workspaces/advent-of-code-2022/day5.scala
2022.12.05 20:12:02 WARN  no build target for: /workspaces/advent-of-code-2022/day5.scala
Dec 05, 2022 8:12:05 PM org.eclipse.lsp4j.jsonrpc.RemoteEndpoint handleCancellation
WARNING: Unmatched cancel notification for request id 254
2022.12.05 20:12:06 WARN  no build target for: /workspaces/advent-of-code-2022/day5.scala
2022.12.05 20:12:12 WARN  no build target for: /workspaces/advent-of-code-2022/day5.scala
2022.12.05 20:12:14 WARN  no build target for: /workspaces/advent-of-code-2022/day5.scala
2022.12.05 20:12:17 WARN  no build target for: /workspaces/advent-of-code-2022/day5.scala
Dec 05, 2022 8:12:20 PM org.eclipse.lsp4j.jsonrpc.RemoteEndpoint handleCancellation
WARNING: Unmatched cancel notification for request id 326
2022.12.05 20:12:21 WARN  no build target for: /workspaces/advent-of-code-2022/day5.scala
2022.12.05 20:12:42 WARN  no build target for: /workspaces/advent-of-code-2022/day5.scala
2022.12.05 20:12:45 WARN  no build target for: /workspaces/advent-of-code-2022/day5.scala
2022.12.05 20:12:50 WARN  no build target for: /workspaces/advent-of-code-2022/day5.scala
Dec 05, 2022 8:12:53 PM org.eclipse.lsp4j.jsonrpc.RemoteEndpoint handleCancellation
WARNING: Unmatched cancel notification for request id 408
2022.12.05 20:12:55 WARN  no build target for: /workspaces/advent-of-code-2022/day5.scala
2022.12.05 20:12:57 WARN  no build target for: /workspaces/advent-of-code-2022/day5.scala
2022.12.05 20:13:02 WARN  no build target for: /workspaces/advent-of-code-2022/day5.scala
Dec 05, 2022 8:13:09 PM org.eclipse.lsp4j.jsonrpc.RemoteEndpoint handleCancellation
WARNING: Unmatched cancel notification for request id 470
2022.12.05 20:13:11 WARN  no build target for: /workspaces/advent-of-code-2022/day5.scala
2022.12.05 20:13:14 WARN  no build target for: /workspaces/advent-of-code-2022/day5.scala
2022.12.05 20:13:16 INFO  time: code lens generation in 1.42s
2022.12.05 20:13:16 INFO  time: code lens generation in 2.4s
2022.12.05 20:13:16 INFO  time: code lens generation in 6.15s
2022.12.05 20:13:16 INFO  time: code lens generation in 5.7s
Dec 05, 2022 8:20:06 PM org.eclipse.lsp4j.jsonrpc.RemoteEndpoint handleCancellation
WARNING: Unmatched cancel notification for request id 492
Dec 05, 2022 8:20:06 PM org.eclipse.lsp4j.jsonrpc.RemoteEndpoint handleCancellation
WARNING: Unmatched cancel notification for request id 493
Dec 05, 2022 8:20:06 PM org.eclipse.lsp4j.jsonrpc.RemoteEndpoint handleCancellation
WARNING: Unmatched cancel notification for request id 495
Dec 05, 2022 8:20:06 PM org.eclipse.lsp4j.jsonrpc.RemoteEndpoint handleCancellation
WARNING: Unmatched cancel notification for request id 496
Dec 05, 2022 8:20:06 PM org.eclipse.lsp4j.jsonrpc.RemoteEndpoint handleCancellation
WARNING: Unmatched cancel notification for request id 497
Dec 05, 2022 8:20:06 PM org.eclipse.lsp4j.jsonrpc.RemoteEndpoint handleCancellation
WARNING: Unmatched cancel notification for request id 500
Dec 05, 2022 8:20:06 PM org.eclipse.lsp4j.jsonrpc.RemoteEndpoint handleCancellation
WARNING: Unmatched cancel notification for request id 501
Dec 05, 2022 8:20:06 PM org.eclipse.lsp4j.jsonrpc.RemoteEndpoint handleCancellation
WARNING: Unmatched cancel notification for request id 502
Dec 05, 2022 8:20:06 PM org.eclipse.lsp4j.jsonrpc.RemoteEndpoint handleCancellation
WARNING: Unmatched cancel notification for request id 503
Dec 05, 2022 8:20:06 PM org.eclipse.lsp4j.jsonrpc.RemoteEndpoint handleCancellation
WARNING: Unmatched cancel notification for request id 498
Dec 05, 2022 8:20:06 PM org.eclipse.lsp4j.jsonrpc.RemoteEndpoint handleCancellation
WARNING: Unmatched cancel notification for request id 499
Dec 05, 2022 8:20:06 PM org.eclipse.lsp4j.jsonrpc.RemoteEndpoint handleCancellation
WARNING: Unmatched cancel notification for request id 519
2022.12.05 20:20:06 WARN  no build target for: /workspaces/advent-of-code-2022/day5.scala
Dec 05, 2022 8:20:06 PM org.eclipse.lsp4j.jsonrpc.RemoteEndpoint handleCancellation
WARNING: Unmatched cancel notification for request id 525
Dec 05, 2022 8:20:06 PM org.eclipse.lsp4j.jsonrpc.RemoteEndpoint handleCancellation
WARNING: Unmatched cancel notification for request id 516
Dec 05, 2022 8:20:06 PM org.eclipse.lsp4j.jsonrpc.RemoteEndpoint handleCancellation
WARNING: Unmatched cancel notification for request id 512
Dec 05, 2022 8:20:06 PM org.eclipse.lsp4j.jsonrpc.RemoteEndpoint handleCancellation
WARNING: Unmatched cancel notification for request id 528
Dec 05, 2022 8:20:06 PM org.eclipse.lsp4j.jsonrpc.RemoteEndpoint handleCancellation
WARNING: Unmatched cancel notification for request id 515
Dec 05, 2022 8:20:06 PM org.eclipse.lsp4j.jsonrpc.RemoteEndpoint handleCancellation
WARNING: Unmatched cancel notification for request id 505
Dec 05, 2022 8:20:06 PM org.eclipse.lsp4j.jsonrpc.RemoteEndpoint handleCancellation
WARNING: Unmatched cancel notification for request id 506
Dec 05, 2022 8:20:06 PM org.eclipse.lsp4j.jsonrpc.RemoteEndpoint handleCancellation
WARNING: Unmatched cancel notification for request id 508
Dec 05, 2022 8:20:06 PM org.eclipse.lsp4j.jsonrpc.RemoteEndpoint handleCancellation
WARNING: Unmatched cancel notification for request id 509
Dec 05, 2022 8:20:06 PM org.eclipse.lsp4j.jsonrpc.RemoteEndpoint handleCancellation
WARNING: Unmatched cancel notification for request id 510
Dec 05, 2022 8:20:06 PM org.eclipse.lsp4j.jsonrpc.RemoteEndpoint handleCancellation
WARNING: Unmatched cancel notification for request id 514
Dec 05, 2022 8:20:06 PM org.eclipse.lsp4j.jsonrpc.RemoteEndpoint handleCancellation
WARNING: Unmatched cancel notification for request id 521
Dec 05, 2022 8:20:06 PM org.eclipse.lsp4j.jsonrpc.RemoteEndpoint handleCancellation
WARNING: Unmatched cancel notification for request id 522
Dec 05, 2022 8:20:06 PM org.eclipse.lsp4j.jsonrpc.RemoteEndpoint handleCancellation
WARNING: Unmatched cancel notification for request id 523
Dec 05, 2022 8:20:06 PM org.eclipse.lsp4j.jsonrpc.RemoteEndpoint handleCancellation
WARNING: Unmatched cancel notification for request id 524
Dec 05, 2022 8:20:06 PM org.eclipse.lsp4j.jsonrpc.RemoteEndpoint handleCancellation
WARNING: Unmatched cancel notification for request id 533
Dec 05, 2022 8:20:06 PM org.eclipse.lsp4j.jsonrpc.RemoteEndpoint handleCancellation
WARNING: Unmatched cancel notification for request id 535
2022.12.05 20:20:07 WARN  no build target for: /workspaces/advent-of-code-2022/day5.scala
2022.12.05 20:20:13 WARN  no build target for: /workspaces/advent-of-code-2022/day5.scala
2022.12.05 20:20:31 WARN  no build target for: /workspaces/advent-of-code-2022/day5.scala
2022.12.05 20:20:44 WARN  no build target for: /workspaces/advent-of-code-2022/day5.scala
2022.12.05 20:22:38 WARN  no build target for: /workspaces/advent-of-code-2022/day5.scala
